#
# There is insufficient memory for the Java Runtime Environment to continue.
# Native memory allocation (mmap) failed to map 134217728 bytes for G1 virtual space
# Possible reasons:
#   The system is out of physical RAM or swap space
#   The process is running with CompressedOops enabled, and the Java Heap may be blocking the growth of the native heap
# Possible solutions:
#   Reduce memory load on the system
#   Increase physical memory or swap space
#   Check if swap backing store is full
#   Decrease Java heap size (-Xmx/-Xms)
#   Decrease number of Java threads
#   Decrease Java thread stack sizes (-Xss)
#   Set larger code cache with -XX:ReservedCodeCacheSize=
#   JVM is running with Unscaled Compressed Oops mode in which the Java heap is
#     placed in the first 4GB address space. The Java Heap base address is the
#     maximum limit for the native heap growth. Please use -XX:HeapBaseMinAddress
#     to set the Java Heap base and to place the Java Heap above 4GB virtual address.
# This output file may be truncated or incomplete.
#
#  Out of Memory Error (os_windows.cpp:3532), pid=26368, tid=5976
#
# JRE version:  (17.0.2+8) (build )
# Java VM: Java HotSpot(TM) 64-Bit Server VM (17.0.2+8-LTS-86, mixed mode, sharing, tiered, compressed oops, compressed class ptrs, g1 gc, windows-amd64)
# No core dump will be written. Minidumps are not enabled by default on client versions of Windows
#

---------------  S U M M A R Y ------------

Command Line: -Dfile.encoding=UTF-8 --module-path=C:\Users\Aymen\Desktop\3rd Term\HMSdemo\build\classes AdminPage

Host: Intel(R) Core(TM) i5-7200U CPU @ 2.50GHz, 4 cores, 7G,  Windows 11 , 64 bit Build 22000 (10.0.22000.613)
Time: Mon May 23 12:19:29 2022 E. Africa Standard Time elapsed time: 0.027076 seconds (0d 0h 0m 0s)

---------------  T H R E A D  ---------------

Current thread (0x000002906e44d050):  JavaThread "Unknown thread" [_thread_in_vm, id=5976, stack(0x000000c39dc00000,0x000000c39dd00000)]

Stack: [0x000000c39dc00000,0x000000c39dd00000]
Native frames: (J=compiled Java code, j=interpreted, Vv=VM code, C=native code)
V  [jvm.dll+0x670baa]
V  [jvm.dll+0x7cfcb4]
V  [jvm.dll+0x7d145e]
V  [jvm.dll+0x7d1ac3]
V  [jvm.dll+0x242bc5]
V  [jvm.dll+0x66dac9]
V  [jvm.dll+0x662412]
V  [jvm.dll+0x300c0b]
V  [jvm.dll+0x3081a6]
V  [jvm.dll+0x357d0e]
V  [jvm.dll+0x357f3f]
V  [jvm.dll+0x2d7ec8]
V  [jvm.dll+0x2d8e34]
V  [jvm.dll+0x7a18c1]
V  [jvm.dll+0x365a91]
V  [jvm.dll+0x780d2c]
V  [jvm.dll+0x3e845f]
V  [jvm.dll+0x3e9f01]
C  [jli.dll+0x527b]
C  [ucrtbase.dll+0x26c0c]
C  [KERNEL32.DLL+0x154e0]
C  [ntdll.dll+0x485b]


---------------  P R O C E S S  ---------------

Threads class SMR info:
_java_thread_list=0x00007fff8d329858, length=0, elements={
}

Java Threads: ( => current thread )

Other Threads:
  0x000002906e48cb40 GCTaskThread "GC Thread#0" [stack: 0x000000c39dd00000,0x000000c39de00000] [id=17888]
  0x000002906e49d6c0 ConcurrentGCThread "G1 Main Marker" [stack: 0x000000c39de00000,0x000000c39df00000] [id=17692]
  0x000002906e49e870 ConcurrentGCThread "G1 Conc#0" [stack: 0x000000c39df00000,0x000000c39e000000] [id=13216]

[error occurred during error reporting (printing all threads), id 0xc0000005, EXCEPTION_ACCESS_VIOLATION (0xc0000005) at pc=0x00007fff8cb788a7]

VM state: not at safepoint (not fully initialized)

VM Mutex/Monitor currently owned by a thread:  ([mutex/lock_event])
[0x000002906e449350] Heap_lock - owner thread: 0x000002906e44d050

Heap address: 0x0000000081e00000, size: 2018 MB, Compressed Oops mode: 32-bit

CDS archive(s) mapped at: [0x0000000000000000-0x0000000000000000-0x0000000000000000), size 0, SharedBaseAddress: 0x0000000800000000, ArchiveRelocationMode: 0.
Narrow klass base: 0x0000000000000000, Narrow klass shift: 0, Narrow klass range: 0x0

GC Precious Log:
<Empty>

Heap:
 garbage-first heap   total 0K, used 0K [0x0000000081e00000, 0x0000000100000000)
  region size 1024K, 0 young (0K), 0 survivors (0K)

[error occurred during error reporting (printing heap information), id 0xc0000005, EXCEPTION_ACCESS_VIOLATION (0xc0000005) at pc=0x00007fff8cf59f19]

GC Heap History (0 events):
No events

Deoptimization events (0 events):
No events

Classes unloaded (0 events):
No events

Classes redefined (0 events):
No events

Internal exceptions (0 events):
No events

VM Operations (0 events):
No events

Events (1 events):
Event: 0.009 Loaded shared library C:\Program Files\Java\jdk-17.0.2\bin\java.dll


Dynamic libraries:
0x00007ff7f2f10000 - 0x00007ff7f2f20000 	C:\Program Files\Java\jdk-17.0.2\bin\java.exe
0x00007ff801bc0000 - 0x00007ff801dc9000 	C:\WINDOWS\SYSTEM32\ntdll.dll
0x00007ff800e60000 - 0x00007ff800f1d000 	C:\WINDOWS\System32\KERNEL32.DLL
0x00007fffff2e0000 - 0x00007fffff654000 	C:\WINDOWS\System32\KERNELBASE.dll
0x00007fffff720000 - 0x00007fffff831000 	C:\WINDOWS\System32\ucrtbase.dll
0x00007fffbc020000 - 0x00007fffbc03a000 	C:\Program Files\Java\jdk-17.0.2\bin\VCRUNTIME140.dll
0x00007fffc92e0000 - 0x00007fffc92f8000 	C:\Program Files\Java\jdk-17.0.2\bin\jli.dll
0x00007ff800210000 - 0x00007ff8002be000 	C:\WINDOWS\System32\ADVAPI32.dll
0x00007ff800720000 - 0x00007ff8007c3000 	C:\WINDOWS\System32\msvcrt.dll
0x00007ff8002d0000 - 0x00007ff80036e000 	C:\WINDOWS\System32\sechost.dll
0x00007ff8007d0000 - 0x00007ff8008f0000 	C:\WINDOWS\System32\RPCRT4.dll
0x00007ff800c50000 - 0x00007ff800dfc000 	C:\WINDOWS\System32\USER32.dll
0x00007ff8001e0000 - 0x00007ff800206000 	C:\WINDOWS\System32\win32u.dll
0x00007ff800f20000 - 0x00007ff800f49000 	C:\WINDOWS\System32\GDI32.dll
0x00007fffdeaa0000 - 0x00007fffded45000 	C:\WINDOWS\WinSxS\amd64_microsoft.windows.common-controls_6595b64144ccf1df_6.0.22000.120_none_9d947278b86cc467\COMCTL32.dll
0x00007fffff120000 - 0x00007fffff232000 	C:\WINDOWS\System32\gdi32full.dll
0x00007fffff240000 - 0x00007fffff2dd000 	C:\WINDOWS\System32\msvcp_win.dll
0x00007ffff87a0000 - 0x00007ffff87aa000 	C:\WINDOWS\SYSTEM32\VERSION.dll
0x00007ff801190000 - 0x00007ff8011c1000 	C:\WINDOWS\System32\IMM32.DLL
0x00007fffd53f0000 - 0x00007fffd53fc000 	C:\Program Files\Java\jdk-17.0.2\bin\vcruntime140_1.dll
0x00007fff8c510000 - 0x00007fff8c59d000 	C:\Program Files\Java\jdk-17.0.2\bin\msvcp140.dll
0x00007fff8c890000 - 0x00007fff8d451000 	C:\Program Files\Java\jdk-17.0.2\bin\server\jvm.dll
0x00007ff8002c0000 - 0x00007ff8002c8000 	C:\WINDOWS\System32\PSAPI.DLL
0x00007fffdac90000 - 0x00007fffdac99000 	C:\WINDOWS\SYSTEM32\WSOCK32.dll
0x00007ffff9370000 - 0x00007ffff93a3000 	C:\WINDOWS\SYSTEM32\WINMM.dll
0x00007ff8016a0000 - 0x00007ff80170f000 	C:\WINDOWS\System32\ws2_32.DLL
0x00007ffffe1a0000 - 0x00007ffffe1b8000 	C:\WINDOWS\SYSTEM32\kernel.appcore.dll
0x00007fffd2cf0000 - 0x00007fffd2cfa000 	C:\Program Files\Java\jdk-17.0.2\bin\jimage.dll
0x00007ffffccf0000 - 0x00007ffffcf11000 	C:\WINDOWS\SYSTEM32\DBGHELP.DLL
0x00007fffe8610000 - 0x00007fffe8641000 	C:\WINDOWS\SYSTEM32\dbgcore.DLL
0x00007fffff0a0000 - 0x00007fffff11f000 	C:\WINDOWS\System32\bcryptPrimitives.dll
0x00007fff934f0000 - 0x00007fff93515000 	C:\Program Files\Java\jdk-17.0.2\bin\java.dll

dbghelp: loaded successfully - version: 4.0.5 - missing functions: none
symbol engine: initialized successfully - sym options: 0x614 - pdb path: .;C:\Program Files\Java\jdk-17.0.2\bin;C:\WINDOWS\SYSTEM32;C:\WINDOWS\WinSxS\amd64_microsoft.windows.common-controls_6595b64144ccf1df_6.0.22000.120_none_9d947278b86cc467;C:\Program Files\Java\jdk-17.0.2\bin\server

VM Arguments:
jvm_args: -Dfile.encoding=UTF-8 --module-path=C:\Users\Aymen\Desktop\3rd Term\HMSdemo\build\classes 
java_command: AdminPage
java_class_path (initial): C:\Program Files\NetBeans-13\netbeans\java\modules\ext\AbsoluteLayout.jar;C:\Users\Aymen\Desktop\java-ui-dashboard-011-main\TimingFramework-0.55.jar;C:\Users\Aymen\Desktop\java-ui-dashboard-011-main\gradient-icon-font.jar;C:\Users\Aymen\Desktop\java-ui-dashboard-011-main\miglayout-4.0.jar;C:\SQLSERVERJDBC\sqljdbc_10.2.0.0_enu\sqljdbc_10.2\enu\mssql-jdbc-10.2.0.jre17.jar;C:\Users\Aymen\Desktop\3rd Term\HMSdemo\build\classes
Launcher Type: SUN_STANDARD

[Global flags]
     intx CICompilerCount                          = 3                                         {product} {ergonomic}
     uint ConcGCThreads                            = 1                                         {product} {ergonomic}
     uint G1ConcRefinementThreads                  = 4                                         {product} {ergonomic}
   size_t G1HeapRegionSize                         = 1048576                                   {product} {ergonomic}
    uintx GCDrainStackTargetSize                   = 64                                        {product} {ergonomic}
   size_t InitialHeapSize                          = 134217728                                 {product} {ergonomic}
   size_t MarkStackSize                            = 4194304                                   {product} {ergonomic}
   size_t MaxHeapSize                              = 2116026368                                {product} {ergonomic}
   size_t MinHeapDeltaBytes                        = 1048576                                   {product} {ergonomic}
   size_t MinHeapSize                              = 8388608                                   {product} {ergonomic}
    uintx NonNMethodCodeHeapSize                   = 5832780                                {pd product} {ergonomic}
    uintx NonProfiledCodeHeapSize                  = 122912730                              {pd product} {ergonomic}
    uintx ProfiledCodeHeapSize                     = 122912730                              {pd product} {ergonomic}
    uintx ReservedCodeCacheSize                    = 251658240                              {pd product} {ergonomic}
     bool SegmentedCodeCache                       = true                                      {product} {ergonomic}
   size_t SoftMaxHeapSize                          = 2116026368                             {manageable} {ergonomic}
     bool UseCompressedClassPointers               = true                           {product lp64_product} {ergonomic}
     bool UseCompressedOops                        = true                           {product lp64_product} {ergonomic}
     bool UseG1GC                                  = true                                      {product} {ergonomic}
     bool UseLargePagesIndividualAllocation        = false                                  {pd product} {ergonomic}

Logging:
Log output configuration:
 #0: stdout all=warning uptime,level,tags
 #1: stderr all=off uptime,level,tags

Environment Variables:
PATH=C:\Program Files\Common Files\Oracle\Java\javapath;C:\WINDOWS\system32;C:\WINDOWS;C:\WINDOWS\System32\Wbem;C:\WINDOWS\System32\WindowsPowerShell\v1.0\;C:\WINDOWS\System32\OpenSSH\;C:\Program Files\Microsoft SQL Server\Client SDK\ODBC\170\Tools\Binn\;C:\Program Files (x86)\Microsoft SQL Server\150\Tools\Binn\;C:\Program Files\Microsoft SQL Server\150\Tools\Binn\;C:\Program Files\Microsoft SQL Server\150\DTS\Binn\;C:\Program Files (x86)\Microsoft SQL Server\150\DTS\Binn\;C:\Program Files\Azure Data Studio\bin;C:\flutter\bin;C:\Program Files\Azure Data Studio\bin;C:\Users\Aymen\AppData\Local\atom\bin;C:\Users\Aymen\AppData\Local\GitHubDesktop\bin
USERNAME=Aymen
OS=Windows_NT
PROCESSOR_IDENTIFIER=Intel64 Family 6 Model 142 Stepping 9, GenuineIntel



---------------  S Y S T E M  ---------------

OS:
 Windows 11 , 64 bit Build 22000 (10.0.22000.613)
OS uptime: 9 days 17:40 hours

CPU: total 4 (initial active 4) (2 cores per cpu, 2 threads per core) family 6 model 142 stepping 9 microcode 0xde, cx8, cmov, fxsr, ht, mmx, 3dnowpref, sse, sse2, sse3, ssse3, sse4.1, sse4.2, popcnt, lzcnt, tsc, tscinvbit, avx, avx2, aes, erms, clmul, bmi1, bmi2, adx, fma, vzeroupper, clflush, clflushopt

Memory: 4k page, system-wide physical 8066M (1203M free)
TotalPageFile size 12826M (AvailPageFile size 103M)
current process WorkingSet (physical memory assigned to process): 10M, peak: 10M
current process commit charge ("private bytes"): 51M, peak: 179M

vm_info: Java HotSpot(TM) 64-Bit Server VM (17.0.2+8-LTS-86) for windows-amd64 JRE (17.0.2+8-LTS-86), built on Dec  7 2021 21:51:03 by "mach5one" with MS VC++ 16.8 / 16.9 (VS2019)

END.
